<?xml version="1.0" encoding="UTF-8"?>
<!-- Generated by org.testng.reporters.JUnitReportReporter -->
<testsuite hostname="MSI" failures="0" tests="1" name="DataDrivens.AxisBank.WriteExcel" time="3.929" errors="0" timestamp="2024-02-27T14:01:26 IST" skipped="0">
  <testcase classname="DataDrivens.AxisBank.WriteExcel" name="fblogin" time="3.929"/>
  <system-out/>
</testsuite> <!-- DataDrivens.AxisBank.WriteExcel -->
