<?xml version="1.0" encoding="UTF-8"?>
<!-- Generated by org.testng.reporters.JUnitReportReporter -->
<testsuite hostname="MSI" failures="0" tests="1" name="DataDrivens.AxisBank.ReadExcel" time="3.964" errors="0" timestamp="2024-02-28T11:21:28 IST" skipped="0">
  <testcase classname="DataDrivens.AxisBank.ReadExcel" name="fblogin" time="3.964"/>
  <system-out/>
</testsuite> <!-- DataDrivens.AxisBank.ReadExcel -->
